INFO  21-09-29 13:55:47[main] [SellerallSellideApplicationTests:55] - Starting SellerallSellideApplicationTests using Java 1.8.0_144 on DESKTOP-6FOPGNS with PID 9456 (started by fromtodaycorp in C:\Users\fromtodaycorp\git\sellerall_sellide\sellerall_sellide)
INFO  21-09-29 13:55:47[main] [SellerallSellideApplicationTests:663] - The following profiles are active: oauth,dev-db
INFO  21-09-29 13:55:49[main] [RepositoryConfigurationDelegate:132] - Bootstrapping Spring Data JPA repositories in DEFAULT mode.
INFO  21-09-29 13:55:49[main] [RepositoryConfigurationDelegate:201] - Finished Spring Data repository scanning in 167 ms. Found 8 JPA repository interfaces.
INFO  21-09-29 13:55:49[main] [PostProcessorRegistrationDelegate$BeanPostProcessorChecker:376] - Bean 'org.springframework.security.access.expression.method.DefaultMethodSecurityExpressionHandler@176996c3' of type [org.springframework.security.access.expression.method.DefaultMethodSecurityExpressionHandler] is not eligible for getting processed by all BeanPostProcessors (for example: not eligible for auto-proxying)
INFO  21-09-29 13:55:49[main] [PostProcessorRegistrationDelegate$BeanPostProcessorChecker:376] - Bean 'methodSecurityMetadataSource' of type [org.springframework.security.access.method.DelegatingMethodSecurityMetadataSource] is not eligible for getting processed by all BeanPostProcessors (for example: not eligible for auto-proxying)
INFO  21-09-29 13:55:49[main] [HikariDataSource:110] - HikariPool-1 - Starting...
WARN  21-09-29 13:55:49[main] [DriverDataSource:70] - Registered driver with driverClassName=com.mysql.jdbc.Driver was not found, trying direct instantiation.
INFO  21-09-29 13:55:50[main] [HikariDataSource:123] - HikariPool-1 - Start completed.
INFO  21-09-29 13:55:50[main] [LogHelper:31] - HHH000204: Processing PersistenceUnitInfo [name: default]
INFO  21-09-29 13:55:50[main] [Version:44] - HHH000412: Hibernate ORM core version 5.4.32.Final
INFO  21-09-29 13:55:50[main] [Version:56] - HCANN000001: Hibernate Commons Annotations {5.1.2.Final}
INFO  21-09-29 13:55:51[main] [Dialect:175] - HHH000400: Using dialect: org.hibernate.dialect.MySQL8Dialect
INFO  21-09-29 13:55:51[main] [JtaPlatformInitiator:52] - HHH000490: Using JtaPlatform implementation: [org.hibernate.engine.transaction.jta.platform.internal.NoJtaPlatform]
INFO  21-09-29 13:55:51[main] [LocalContainerEntityManagerFactoryBean:437] - Initialized JPA EntityManagerFactory for persistence unit 'default'
WARN  21-09-29 13:55:52[main] [JpaBaseConfiguration$JpaWebConfiguration:219] - spring.jpa.open-in-view is enabled by default. Therefore, database queries may be performed during view rendering. Explicitly configure spring.jpa.open-in-view to disable this warning
DEBUG 21-09-29 13:55:53[main] [LogFactory:135] - Logging initialized using 'class org.apache.ibatis.logging.slf4j.Slf4jImpl' adapter.
INFO  21-09-29 13:55:53[main] [DefaultSecurityFilterChain:51] - Will secure any request with [org.springframework.security.web.context.request.async.WebAsyncManagerIntegrationFilter@4c614d8c, org.springframework.security.web.context.SecurityContextPersistenceFilter@1d67348a, org.springframework.security.web.header.HeaderWriterFilter@4e933cf1, org.springframework.security.web.authentication.logout.LogoutFilter@72bdbfe9, org.springframework.security.oauth2.client.web.OAuth2AuthorizationRequestRedirectFilter@5d67b2b3, org.springframework.security.oauth2.client.web.OAuth2LoginAuthenticationFilter@6c2f8ecb, kr.co.sellerall.cmm.domain.user.authenticate.AuthenticationFilter@35995029, org.springframework.security.web.authentication.UsernamePasswordAuthenticationFilter@3ccefe1b, org.springframework.security.web.authentication.ui.DefaultLoginPageGeneratingFilter@42536da6, org.springframework.security.web.authentication.ui.DefaultLogoutPageGeneratingFilter@2ae4c424, org.springframework.security.web.savedrequest.RequestCacheAwareFilter@c7269ad, org.springframework.security.web.servletapi.SecurityContextHolderAwareRequestFilter@5b0e5d5f, org.springframework.security.web.authentication.AnonymousAuthenticationFilter@3980b44f, org.springframework.security.web.session.SessionManagementFilter@574327ed, org.springframework.security.web.access.ExceptionTranslationFilter@31b289da, org.springframework.security.web.access.intercept.FilterSecurityInterceptor@571c2ed8]
INFO  21-09-29 13:55:54[main] [WelcomePageHandlerMapping:57] - Adding welcome page template: index
INFO  21-09-29 13:55:54[main] [ScheduledAnnotationBeanPostProcessor:309] - No TaskScheduler/ScheduledExecutorService bean found for scheduled processing
INFO  21-09-29 13:55:54[main] [SellerallSellideApplicationTests:61] - Started SellerallSellideApplicationTests in 7.23 seconds (JVM running for 8.207)
INFO  21-09-29 13:55:54[SpringApplicationShutdownHook] [LocalContainerEntityManagerFactoryBean:651] - Closing JPA EntityManagerFactory for persistence unit 'default'
INFO  21-09-29 13:55:54[SpringApplicationShutdownHook] [HikariDataSource:350] - HikariPool-1 - Shutdown initiated...
INFO  21-09-29 13:55:54[SpringApplicationShutdownHook] [HikariDataSource:352] - HikariPool-1 - Shutdown completed.
INFO  21-09-29 14:01:16[main] [SellerallSellideApplicationTests:55] - Starting SellerallSellideApplicationTests using Java 1.8.0_144 on DESKTOP-6FOPGNS with PID 14228 (started by fromtodaycorp in C:\Users\fromtodaycorp\git\sellerall_sellide\sellerall_sellide)
INFO  21-09-29 14:01:16[main] [SellerallSellideApplicationTests:663] - The following profiles are active: oauth,dev-db
INFO  21-09-29 14:01:17[main] [RepositoryConfigurationDelegate:132] - Bootstrapping Spring Data JPA repositories in DEFAULT mode.
INFO  21-09-29 14:01:18[main] [RepositoryConfigurationDelegate:201] - Finished Spring Data repository scanning in 180 ms. Found 8 JPA repository interfaces.
INFO  21-09-29 14:01:18[main] [PostProcessorRegistrationDelegate$BeanPostProcessorChecker:376] - Bean 'org.springframework.security.access.expression.method.DefaultMethodSecurityExpressionHandler@176996c3' of type [org.springframework.security.access.expression.method.DefaultMethodSecurityExpressionHandler] is not eligible for getting processed by all BeanPostProcessors (for example: not eligible for auto-proxying)
INFO  21-09-29 14:01:18[main] [PostProcessorRegistrationDelegate$BeanPostProcessorChecker:376] - Bean 'methodSecurityMetadataSource' of type [org.springframework.security.access.method.DelegatingMethodSecurityMetadataSource] is not eligible for getting processed by all BeanPostProcessors (for example: not eligible for auto-proxying)
INFO  21-09-29 14:01:18[main] [HikariDataSource:110] - HikariPool-1 - Starting...
WARN  21-09-29 14:01:18[main] [DriverDataSource:70] - Registered driver with driverClassName=com.mysql.jdbc.Driver was not found, trying direct instantiation.
INFO  21-09-29 14:01:19[main] [HikariDataSource:123] - HikariPool-1 - Start completed.
INFO  21-09-29 14:01:19[main] [LogHelper:31] - HHH000204: Processing PersistenceUnitInfo [name: default]
INFO  21-09-29 14:01:19[main] [Version:44] - HHH000412: Hibernate ORM core version 5.4.32.Final
INFO  21-09-29 14:01:19[main] [Version:56] - HCANN000001: Hibernate Commons Annotations {5.1.2.Final}
INFO  21-09-29 14:01:19[main] [Dialect:175] - HHH000400: Using dialect: org.hibernate.dialect.MySQL8Dialect
INFO  21-09-29 14:01:20[main] [JtaPlatformInitiator:52] - HHH000490: Using JtaPlatform implementation: [org.hibernate.engine.transaction.jta.platform.internal.NoJtaPlatform]
INFO  21-09-29 14:01:20[main] [LocalContainerEntityManagerFactoryBean:437] - Initialized JPA EntityManagerFactory for persistence unit 'default'
WARN  21-09-29 14:01:21[main] [JpaBaseConfiguration$JpaWebConfiguration:219] - spring.jpa.open-in-view is enabled by default. Therefore, database queries may be performed during view rendering. Explicitly configure spring.jpa.open-in-view to disable this warning
DEBUG 21-09-29 14:01:21[main] [LogFactory:135] - Logging initialized using 'class org.apache.ibatis.logging.slf4j.Slf4jImpl' adapter.
INFO  21-09-29 14:01:22[main] [DefaultSecurityFilterChain:51] - Will secure any request with [org.springframework.security.web.context.request.async.WebAsyncManagerIntegrationFilter@22b3b5d0, org.springframework.security.web.context.SecurityContextPersistenceFilter@62a81453, org.springframework.security.web.header.HeaderWriterFilter@6f4029e9, org.springframework.security.web.authentication.logout.LogoutFilter@56976b8b, org.springframework.security.oauth2.client.web.OAuth2AuthorizationRequestRedirectFilter@3987a1e8, org.springframework.security.oauth2.client.web.OAuth2LoginAuthenticationFilter@becb93a, kr.co.sellerall.cmm.domain.user.authenticate.AuthenticationFilter@20a9fb01, org.springframework.security.web.authentication.UsernamePasswordAuthenticationFilter@2699b656, org.springframework.security.web.authentication.ui.DefaultLoginPageGeneratingFilter@796cf2b5, org.springframework.security.web.authentication.ui.DefaultLogoutPageGeneratingFilter@2b506a79, org.springframework.security.web.savedrequest.RequestCacheAwareFilter@eebd983, org.springframework.security.web.servletapi.SecurityContextHolderAwareRequestFilter@1f6e6f50, org.springframework.security.web.authentication.AnonymousAuthenticationFilter@48b9773b, org.springframework.security.web.session.SessionManagementFilter@6ae32ff0, org.springframework.security.web.access.ExceptionTranslationFilter@5213b887, org.springframework.security.web.access.intercept.FilterSecurityInterceptor@7341baa3]
INFO  21-09-29 14:01:23[main] [WelcomePageHandlerMapping:57] - Adding welcome page template: index
INFO  21-09-29 14:01:23[main] [ScheduledAnnotationBeanPostProcessor:309] - No TaskScheduler/ScheduledExecutorService bean found for scheduled processing
INFO  21-09-29 14:01:23[main] [SellerallSellideApplicationTests:61] - Started SellerallSellideApplicationTests in 7.53 seconds (JVM running for 8.457)
INFO  21-09-29 14:01:23[SpringApplicationShutdownHook] [LocalContainerEntityManagerFactoryBean:651] - Closing JPA EntityManagerFactory for persistence unit 'default'
INFO  21-09-29 14:01:23[SpringApplicationShutdownHook] [HikariDataSource:350] - HikariPool-1 - Shutdown initiated...
INFO  21-09-29 14:01:23[SpringApplicationShutdownHook] [HikariDataSource:352] - HikariPool-1 - Shutdown completed.
INFO  21-09-29 14:06:14[main] [SellerallSellideApplicationTests:55] - Starting SellerallSellideApplicationTests using Java 1.8.0_144 on DESKTOP-6FOPGNS with PID 1256 (started by fromtodaycorp in C:\Users\fromtodaycorp\git\sellerall_sellide\sellerall_sellide)
INFO  21-09-29 14:06:14[main] [SellerallSellideApplicationTests:663] - The following profiles are active: oauth,dev-db
INFO  21-09-29 14:06:16[main] [RepositoryConfigurationDelegate:132] - Bootstrapping Spring Data JPA repositories in DEFAULT mode.
INFO  21-09-29 14:06:16[main] [RepositoryConfigurationDelegate:201] - Finished Spring Data repository scanning in 163 ms. Found 8 JPA repository interfaces.
INFO  21-09-29 14:06:16[main] [PostProcessorRegistrationDelegate$BeanPostProcessorChecker:376] - Bean 'org.springframework.security.access.expression.method.DefaultMethodSecurityExpressionHandler@176996c3' of type [org.springframework.security.access.expression.method.DefaultMethodSecurityExpressionHandler] is not eligible for getting processed by all BeanPostProcessors (for example: not eligible for auto-proxying)
INFO  21-09-29 14:06:16[main] [PostProcessorRegistrationDelegate$BeanPostProcessorChecker:376] - Bean 'methodSecurityMetadataSource' of type [org.springframework.security.access.method.DelegatingMethodSecurityMetadataSource] is not eligible for getting processed by all BeanPostProcessors (for example: not eligible for auto-proxying)
INFO  21-09-29 14:06:16[main] [HikariDataSource:110] - HikariPool-1 - Starting...
WARN  21-09-29 14:06:16[main] [DriverDataSource:70] - Registered driver with driverClassName=com.mysql.jdbc.Driver was not found, trying direct instantiation.
INFO  21-09-29 14:06:17[main] [HikariDataSource:123] - HikariPool-1 - Start completed.
INFO  21-09-29 14:06:17[main] [LogHelper:31] - HHH000204: Processing PersistenceUnitInfo [name: default]
INFO  21-09-29 14:06:17[main] [Version:44] - HHH000412: Hibernate ORM core version 5.4.32.Final
INFO  21-09-29 14:06:17[main] [Version:56] - HCANN000001: Hibernate Commons Annotations {5.1.2.Final}
INFO  21-09-29 14:06:17[main] [Dialect:175] - HHH000400: Using dialect: org.hibernate.dialect.MySQL8Dialect
INFO  21-09-29 14:06:18[main] [JtaPlatformInitiator:52] - HHH000490: Using JtaPlatform implementation: [org.hibernate.engine.transaction.jta.platform.internal.NoJtaPlatform]
INFO  21-09-29 14:06:18[main] [LocalContainerEntityManagerFactoryBean:437] - Initialized JPA EntityManagerFactory for persistence unit 'default'
WARN  21-09-29 14:06:19[main] [JpaBaseConfiguration$JpaWebConfiguration:219] - spring.jpa.open-in-view is enabled by default. Therefore, database queries may be performed during view rendering. Explicitly configure spring.jpa.open-in-view to disable this warning
DEBUG 21-09-29 14:06:20[main] [LogFactory:135] - Logging initialized using 'class org.apache.ibatis.logging.slf4j.Slf4jImpl' adapter.
INFO  21-09-29 14:06:20[main] [DefaultSecurityFilterChain:51] - Will secure any request with [org.springframework.security.web.context.request.async.WebAsyncManagerIntegrationFilter@6978a32a, org.springframework.security.web.context.SecurityContextPersistenceFilter@1c5cd2ea, org.springframework.security.web.header.HeaderWriterFilter@40c6d1ef, org.springframework.security.web.authentication.logout.LogoutFilter@1c5d376c, org.springframework.security.oauth2.client.web.OAuth2AuthorizationRequestRedirectFilter@2626aa35, org.springframework.security.oauth2.client.web.OAuth2LoginAuthenticationFilter@2ae4c424, kr.co.sellerall.cmm.domain.user.authenticate.AuthenticationFilter@a93c798, org.springframework.security.web.authentication.UsernamePasswordAuthenticationFilter@2842ef02, org.springframework.security.web.authentication.ui.DefaultLoginPageGeneratingFilter@36885319, org.springframework.security.web.authentication.ui.DefaultLogoutPageGeneratingFilter@55665086, org.springframework.security.web.savedrequest.RequestCacheAwareFilter@cda144a, org.springframework.security.web.servletapi.SecurityContextHolderAwareRequestFilter@46fdfaeb, org.springframework.security.web.authentication.AnonymousAuthenticationFilter@233ece92, org.springframework.security.web.session.SessionManagementFilter@257b6c58, org.springframework.security.web.access.ExceptionTranslationFilter@1f3aa970, org.springframework.security.web.access.intercept.FilterSecurityInterceptor@51e0f2eb]
INFO  21-09-29 14:06:21[main] [WelcomePageHandlerMapping:57] - Adding welcome page template: index
INFO  21-09-29 14:06:21[main] [ScheduledAnnotationBeanPostProcessor:309] - No TaskScheduler/ScheduledExecutorService bean found for scheduled processing
INFO  21-09-29 14:06:21[main] [SellerallSellideApplicationTests:61] - Started SellerallSellideApplicationTests in 7.235 seconds (JVM running for 8.143)
INFO  21-09-29 14:06:21[SpringApplicationShutdownHook] [LocalContainerEntityManagerFactoryBean:651] - Closing JPA EntityManagerFactory for persistence unit 'default'
INFO  21-09-29 14:06:21[SpringApplicationShutdownHook] [HikariDataSource:350] - HikariPool-1 - Shutdown initiated...
INFO  21-09-29 14:06:21[SpringApplicationShutdownHook] [HikariDataSource:352] - HikariPool-1 - Shutdown completed.
INFO  21-09-29 14:35:23[main] [SellerallSellideApplicationTests:55] - Starting SellerallSellideApplicationTests using Java 1.8.0_144 on DESKTOP-6FOPGNS with PID 10372 (started by fromtodaycorp in C:\Users\fromtodaycorp\git\sellerall_sellide\sellerall_sellide)
INFO  21-09-29 14:35:23[main] [SellerallSellideApplicationTests:663] - The following profiles are active: oauth,dev-db
INFO  21-09-29 14:35:24[main] [RepositoryConfigurationDelegate:132] - Bootstrapping Spring Data JPA repositories in DEFAULT mode.
INFO  21-09-29 14:35:24[main] [RepositoryConfigurationDelegate:201] - Finished Spring Data repository scanning in 158 ms. Found 8 JPA repository interfaces.
INFO  21-09-29 14:35:25[main] [PostProcessorRegistrationDelegate$BeanPostProcessorChecker:376] - Bean 'org.springframework.security.access.expression.method.DefaultMethodSecurityExpressionHandler@69fe0ed4' of type [org.springframework.security.access.expression.method.DefaultMethodSecurityExpressionHandler] is not eligible for getting processed by all BeanPostProcessors (for example: not eligible for auto-proxying)
INFO  21-09-29 14:35:25[main] [PostProcessorRegistrationDelegate$BeanPostProcessorChecker:376] - Bean 'methodSecurityMetadataSource' of type [org.springframework.security.access.method.DelegatingMethodSecurityMetadataSource] is not eligible for getting processed by all BeanPostProcessors (for example: not eligible for auto-proxying)
INFO  21-09-29 14:35:25[main] [HikariDataSource:110] - HikariPool-1 - Starting...
WARN  21-09-29 14:35:25[main] [DriverDataSource:70] - Registered driver with driverClassName=com.mysql.jdbc.Driver was not found, trying direct instantiation.
INFO  21-09-29 14:35:25[main] [HikariDataSource:123] - HikariPool-1 - Start completed.
INFO  21-09-29 14:35:26[main] [LogHelper:31] - HHH000204: Processing PersistenceUnitInfo [name: default]
INFO  21-09-29 14:35:26[main] [Version:44] - HHH000412: Hibernate ORM core version 5.4.32.Final
INFO  21-09-29 14:35:26[main] [Version:56] - HCANN000001: Hibernate Commons Annotations {5.1.2.Final}
INFO  21-09-29 14:35:26[main] [Dialect:175] - HHH000400: Using dialect: org.hibernate.dialect.MySQL8Dialect
INFO  21-09-29 14:35:27[main] [JtaPlatformInitiator:52] - HHH000490: Using JtaPlatform implementation: [org.hibernate.engine.transaction.jta.platform.internal.NoJtaPlatform]
INFO  21-09-29 14:35:27[main] [LocalContainerEntityManagerFactoryBean:437] - Initialized JPA EntityManagerFactory for persistence unit 'default'
WARN  21-09-29 14:35:28[main] [JpaBaseConfiguration$JpaWebConfiguration:219] - spring.jpa.open-in-view is enabled by default. Therefore, database queries may be performed during view rendering. Explicitly configure spring.jpa.open-in-view to disable this warning
DEBUG 21-09-29 14:35:28[main] [LogFactory:135] - Logging initialized using 'class org.apache.ibatis.logging.slf4j.Slf4jImpl' adapter.
INFO  21-09-29 14:35:29[main] [DefaultSecurityFilterChain:51] - Will secure any request with [org.springframework.security.web.context.request.async.WebAsyncManagerIntegrationFilter@476a2819, org.springframework.security.web.context.SecurityContextPersistenceFilter@d70dbeb, org.springframework.security.web.header.HeaderWriterFilter@578198d9, org.springframework.security.web.authentication.logout.LogoutFilter@1c23e369, org.springframework.security.oauth2.client.web.OAuth2AuthorizationRequestRedirectFilter@39b95a80, org.springframework.security.oauth2.client.web.OAuth2LoginAuthenticationFilter@7d43f1c9, kr.co.sellerall.cmm.domain.user.authenticate.AuthenticationFilter@2051a0ec, org.springframework.security.web.authentication.UsernamePasswordAuthenticationFilter@34ede267, org.springframework.security.web.authentication.ui.DefaultLoginPageGeneratingFilter@729a9c3d, org.springframework.security.web.authentication.ui.DefaultLogoutPageGeneratingFilter@279ab15e, org.springframework.security.web.savedrequest.RequestCacheAwareFilter@f9cd1e6, org.springframework.security.web.servletapi.SecurityContextHolderAwareRequestFilter@58486deb, org.springframework.security.web.authentication.AnonymousAuthenticationFilter@571c2ed8, org.springframework.security.web.session.SessionManagementFilter@5f65e0c0, org.springframework.security.web.access.ExceptionTranslationFilter@47f39279, org.springframework.security.web.access.intercept.FilterSecurityInterceptor@4c3fcbe7]
INFO  21-09-29 14:35:29[main] [WelcomePageHandlerMapping:57] - Adding welcome page template: index
INFO  21-09-29 14:35:30[main] [ScheduledAnnotationBeanPostProcessor:309] - No TaskScheduler/ScheduledExecutorService bean found for scheduled processing
INFO  21-09-29 14:35:30[main] [SellerallSellideApplicationTests:61] - Started SellerallSellideApplicationTests in 7.404 seconds (JVM running for 8.32)
INFO  21-09-29 14:35:30[SpringApplicationShutdownHook] [LocalContainerEntityManagerFactoryBean:651] - Closing JPA EntityManagerFactory for persistence unit 'default'
INFO  21-09-29 14:35:30[SpringApplicationShutdownHook] [HikariDataSource:350] - HikariPool-1 - Shutdown initiated...
INFO  21-09-29 14:35:30[SpringApplicationShutdownHook] [HikariDataSource:352] - HikariPool-1 - Shutdown completed.
INFO  21-09-29 14:51:32[main] [SellerallSellideApplicationTests:55] - Starting SellerallSellideApplicationTests using Java 1.8.0_144 on DESKTOP-6FOPGNS with PID 5684 (started by fromtodaycorp in C:\Users\fromtodaycorp\git\sellerall_sellide\sellerall_sellide)
INFO  21-09-29 14:51:32[main] [SellerallSellideApplicationTests:663] - The following profiles are active: oauth,dev-db
INFO  21-09-29 14:51:33[main] [RepositoryConfigurationDelegate:132] - Bootstrapping Spring Data JPA repositories in DEFAULT mode.
INFO  21-09-29 14:51:33[main] [RepositoryConfigurationDelegate:201] - Finished Spring Data repository scanning in 178 ms. Found 8 JPA repository interfaces.
INFO  21-09-29 14:51:34[main] [PostProcessorRegistrationDelegate$BeanPostProcessorChecker:376] - Bean 'org.springframework.security.access.expression.method.DefaultMethodSecurityExpressionHandler@4052c8c2' of type [org.springframework.security.access.expression.method.DefaultMethodSecurityExpressionHandler] is not eligible for getting processed by all BeanPostProcessors (for example: not eligible for auto-proxying)
INFO  21-09-29 14:51:34[main] [PostProcessorRegistrationDelegate$BeanPostProcessorChecker:376] - Bean 'methodSecurityMetadataSource' of type [org.springframework.security.access.method.DelegatingMethodSecurityMetadataSource] is not eligible for getting processed by all BeanPostProcessors (for example: not eligible for auto-proxying)
INFO  21-09-29 14:51:34[main] [HikariDataSource:110] - HikariPool-1 - Starting...
WARN  21-09-29 14:51:34[main] [DriverDataSource:70] - Registered driver with driverClassName=com.mysql.jdbc.Driver was not found, trying direct instantiation.
INFO  21-09-29 14:51:35[main] [HikariDataSource:123] - HikariPool-1 - Start completed.
INFO  21-09-29 14:51:35[main] [LogHelper:31] - HHH000204: Processing PersistenceUnitInfo [name: default]
INFO  21-09-29 14:51:35[main] [Version:44] - HHH000412: Hibernate ORM core version 5.4.32.Final
INFO  21-09-29 14:51:35[main] [Version:56] - HCANN000001: Hibernate Commons Annotations {5.1.2.Final}
INFO  21-09-29 14:51:35[main] [Dialect:175] - HHH000400: Using dialect: org.hibernate.dialect.MySQL8Dialect
INFO  21-09-29 14:51:36[main] [JtaPlatformInitiator:52] - HHH000490: Using JtaPlatform implementation: [org.hibernate.engine.transaction.jta.platform.internal.NoJtaPlatform]
INFO  21-09-29 14:51:36[main] [LocalContainerEntityManagerFactoryBean:437] - Initialized JPA EntityManagerFactory for persistence unit 'default'
WARN  21-09-29 14:51:37[main] [JpaBaseConfiguration$JpaWebConfiguration:219] - spring.jpa.open-in-view is enabled by default. Therefore, database queries may be performed during view rendering. Explicitly configure spring.jpa.open-in-view to disable this warning
DEBUG 21-09-29 14:51:38[main] [LogFactory:135] - Logging initialized using 'class org.apache.ibatis.logging.slf4j.Slf4jImpl' adapter.
INFO  21-09-29 14:51:38[main] [DefaultSecurityFilterChain:51] - Will secure any request with [org.springframework.security.web.context.request.async.WebAsyncManagerIntegrationFilter@279ab15e, org.springframework.security.web.context.SecurityContextPersistenceFilter@7f8f5d37, org.springframework.security.web.header.HeaderWriterFilter@4deca78, org.springframework.security.web.authentication.logout.LogoutFilter@38445703, org.springframework.security.oauth2.client.web.OAuth2AuthorizationRequestRedirectFilter@3ec62141, org.springframework.security.oauth2.client.web.OAuth2LoginAuthenticationFilter@eddc9bb, kr.co.sellerall.cmm.domain.user.authenticate.AuthenticationFilter@79631db0, org.springframework.security.web.authentication.UsernamePasswordAuthenticationFilter@6bf77ee, org.springframework.security.web.authentication.ui.DefaultLoginPageGeneratingFilter@574327ed, org.springframework.security.web.authentication.ui.DefaultLogoutPageGeneratingFilter@571c2ed8, org.springframework.security.web.savedrequest.RequestCacheAwareFilter@3ff53704, org.springframework.security.web.servletapi.SecurityContextHolderAwareRequestFilter@4e933cf1, org.springframework.security.web.authentication.AnonymousAuthenticationFilter@5810772a, org.springframework.security.web.session.SessionManagementFilter@566cc6af, org.springframework.security.web.access.ExceptionTranslationFilter@63ed5dae, org.springframework.security.web.access.intercept.FilterSecurityInterceptor@1e592ef2]
INFO  21-09-29 14:51:39[main] [WelcomePageHandlerMapping:57] - Adding welcome page template: index
INFO  21-09-29 14:51:39[main] [ScheduledAnnotationBeanPostProcessor:309] - No TaskScheduler/ScheduledExecutorService bean found for scheduled processing
INFO  21-09-29 14:51:39[main] [SellerallSellideApplicationTests:61] - Started SellerallSellideApplicationTests in 7.647 seconds (JVM running for 8.584)
INFO  21-09-29 14:51:39[SpringApplicationShutdownHook] [LocalContainerEntityManagerFactoryBean:651] - Closing JPA EntityManagerFactory for persistence unit 'default'
INFO  21-09-29 14:51:39[SpringApplicationShutdownHook] [HikariDataSource:350] - HikariPool-1 - Shutdown initiated...
INFO  21-09-29 14:51:40[SpringApplicationShutdownHook] [HikariDataSource:352] - HikariPool-1 - Shutdown completed.
