INFO  21-10-05 14:52:28[main] [SellerallSellideApplicationTests:55] - Starting SellerallSellideApplicationTests using Java 1.8.0_144 on DESKTOP-6FOPGNS with PID 11832 (started by fromtodaycorp in C:\Users\fromtodaycorp\git\sellerall_sellide\sellerall_sellide)
INFO  21-10-05 14:52:28[main] [SellerallSellideApplicationTests:663] - The following profiles are active: oauth,dev-db
INFO  21-10-05 14:52:29[main] [RepositoryConfigurationDelegate:132] - Bootstrapping Spring Data JPA repositories in DEFAULT mode.
INFO  21-10-05 14:52:29[main] [RepositoryConfigurationDelegate:201] - Finished Spring Data repository scanning in 174 ms. Found 8 JPA repository interfaces.
INFO  21-10-05 14:52:30[main] [PostProcessorRegistrationDelegate$BeanPostProcessorChecker:376] - Bean 'org.springframework.security.access.expression.method.DefaultMethodSecurityExpressionHandler@317a118b' of type [org.springframework.security.access.expression.method.DefaultMethodSecurityExpressionHandler] is not eligible for getting processed by all BeanPostProcessors (for example: not eligible for auto-proxying)
INFO  21-10-05 14:52:30[main] [PostProcessorRegistrationDelegate$BeanPostProcessorChecker:376] - Bean 'methodSecurityMetadataSource' of type [org.springframework.security.access.method.DelegatingMethodSecurityMetadataSource] is not eligible for getting processed by all BeanPostProcessors (for example: not eligible for auto-proxying)
INFO  21-10-05 14:52:30[main] [HikariDataSource:110] - HikariPool-1 - Starting...
WARN  21-10-05 14:52:30[main] [DriverDataSource:70] - Registered driver with driverClassName=com.mysql.jdbc.Driver was not found, trying direct instantiation.
INFO  21-10-05 14:52:31[main] [HikariDataSource:123] - HikariPool-1 - Start completed.
INFO  21-10-05 14:52:31[main] [LogHelper:31] - HHH000204: Processing PersistenceUnitInfo [name: default]
INFO  21-10-05 14:52:31[main] [Version:44] - HHH000412: Hibernate ORM core version 5.4.32.Final
INFO  21-10-05 14:52:31[main] [Version:56] - HCANN000001: Hibernate Commons Annotations {5.1.2.Final}
INFO  21-10-05 14:52:31[main] [Dialect:175] - HHH000400: Using dialect: org.hibernate.dialect.MySQL8Dialect
INFO  21-10-05 14:52:32[main] [JtaPlatformInitiator:52] - HHH000490: Using JtaPlatform implementation: [org.hibernate.engine.transaction.jta.platform.internal.NoJtaPlatform]
INFO  21-10-05 14:52:32[main] [LocalContainerEntityManagerFactoryBean:437] - Initialized JPA EntityManagerFactory for persistence unit 'default'
WARN  21-10-05 14:52:33[main] [JpaBaseConfiguration$JpaWebConfiguration:219] - spring.jpa.open-in-view is enabled by default. Therefore, database queries may be performed during view rendering. Explicitly configure spring.jpa.open-in-view to disable this warning
DEBUG 21-10-05 14:52:33[main] [LogFactory:135] - Logging initialized using 'class org.apache.ibatis.logging.slf4j.Slf4jImpl' adapter.
INFO  21-10-05 14:52:34[main] [DefaultSecurityFilterChain:51] - Will secure any request with [org.springframework.security.web.context.request.async.WebAsyncManagerIntegrationFilter@5ca8c904, org.springframework.security.web.context.SecurityContextPersistenceFilter@1f3aa970, org.springframework.security.web.header.HeaderWriterFilter@1c23e369, org.springframework.security.web.authentication.logout.LogoutFilter@1f7fcec2, org.springframework.security.oauth2.client.web.OAuth2AuthorizationRequestRedirectFilter@2699b656, org.springframework.security.oauth2.client.web.OAuth2LoginAuthenticationFilter@7efa366, kr.co.sellerall.cmm.domain.user.authenticate.AuthenticationFilter@239d9cb7, org.springframework.security.web.authentication.UsernamePasswordAuthenticationFilter@4eacb6d1, org.springframework.security.web.authentication.ui.DefaultLoginPageGeneratingFilter@cda144a, org.springframework.security.web.authentication.ui.DefaultLogoutPageGeneratingFilter@4c614d8c, org.springframework.security.web.savedrequest.RequestCacheAwareFilter@40c6d1ef, org.springframework.security.web.servletapi.SecurityContextHolderAwareRequestFilter@1c5cd2ea, org.springframework.security.web.authentication.AnonymousAuthenticationFilter@2ae4c424, org.springframework.security.web.session.SessionManagementFilter@8e3449e, org.springframework.security.web.access.ExceptionTranslationFilter@39f8adc0, org.springframework.security.web.access.intercept.FilterSecurityInterceptor@279ab15e]
INFO  21-10-05 14:52:35[main] [WelcomePageHandlerMapping:57] - Adding welcome page template: index
INFO  21-10-05 14:52:35[main] [ScheduledAnnotationBeanPostProcessor:309] - No TaskScheduler/ScheduledExecutorService bean found for scheduled processing
INFO  21-10-05 14:52:35[main] [SellerallSellideApplicationTests:61] - Started SellerallSellideApplicationTests in 7.653 seconds (JVM running for 8.643)
INFO  21-10-05 14:52:35[SpringApplicationShutdownHook] [LocalContainerEntityManagerFactoryBean:651] - Closing JPA EntityManagerFactory for persistence unit 'default'
INFO  21-10-05 14:52:35[SpringApplicationShutdownHook] [HikariDataSource:350] - HikariPool-1 - Shutdown initiated...
INFO  21-10-05 14:52:35[SpringApplicationShutdownHook] [HikariDataSource:352] - HikariPool-1 - Shutdown completed.
